[2016-03-25 16:51:57] jiehuofun 朋友信息采集失败
[2016-03-25 16:51:59] coding 朋友信息采集失败
[2016-03-25 16:51:59] coding 粉丝信息采集失败
[2016-03-25 16:53:21] jacobxie 朋友信息采集失败
[2016-03-25 16:53:32] bfgo采集失败
[2016-03-25 16:53:33] wythewang采集失败
[2016-03-25 16:53:33] dukang 朋友信息采集失败
[2016-03-25 16:53:33] alingww 朋友信息采集失败
[2016-03-25 17:02:27] loudou 粉丝信息采集失败
[2016-03-25 17:06:37] mart_ 15952055009采集失败
[2016-03-25 17:06:38] mart_ 15952055009 朋友信息采集失败
[2016-03-25 17:06:38] mart_ 15952055009 粉丝信息采集失败
[2016-03-25 17:32:13] @foxmail.com 朋友信息采集失败
[2016-03-25 17:32:13] @foxmail.com 粉丝信息采集失败
[2016-03-25 17:44:45] zenger 朋友信息采集失败
[2016-03-25 17:45:33] vfasky 朋友信息采集失败
[2016-03-25 17:49:57] yosemite采集失败
[2016-03-25 17:52:23] .RyX 朋友信息采集失败
[2016-03-25 17:52:23] .RyX 粉丝信息采集失败
[2016-03-25 17:52:24] ... 朋友信息采集失败
[2016-03-25 17:52:24] ( •̥́ ˍ •̀ू )采集失败
[2016-03-25 17:52:24] .wzq 朋友信息采集失败
[2016-03-25 17:52:24] ( •̥́ ˍ •̀ू ) 朋友信息采集失败
[2016-03-25 17:52:24] ... 粉丝信息采集失败
[2016-03-25 17:52:24] .wzq 粉丝信息采集失败
[2016-03-25 17:52:24] ( •̥́ ˍ •̀ू ) 粉丝信息采集失败
[2016-03-25 17:52:24] @qq.com 朋友信息采集失败
[2016-03-25 17:52:24] .sqs 朋友信息采集失败
[2016-03-25 17:52:24] @qq.com 粉丝信息采集失败
[2016-03-25 17:52:24] .sqs 粉丝信息采集失败
[2016-03-25 17:52:28] @163.com 朋友信息采集失败
[2016-03-25 17:52:28] @163.com 粉丝信息采集失败
