[2016-01-14 00:06:08 - ERROR] 欢乐黄豆888采集失败
[2016-01-14 00:06:09 - ERROR] 欢乐黄豆888 朋友信息采集失败
[2016-01-14 00:06:09 - ERROR] 欢乐黄豆888 粉丝信息采集失败
[2016-01-14 00:36:03 - ERROR] li_qiang 粉丝信息采集失败
[2016-01-14 00:38:26 - ERROR] fzhongli 粉丝信息采集失败
[2016-01-14 00:38:38 - ERROR] tangjion 朋友信息采集失败
[2016-01-14 00:38:38 - ERROR] ivan_ren 朋友信息采集失败
[2016-01-14 00:38:38 - ERROR] abcd1340517 粉丝信息采集失败
[2016-01-14 00:38:38 - ERROR] xw616525957 粉丝信息采集失败
[2016-01-14 01:01:27 - ERROR] mart_ 15952055009采集失败
[2016-01-14 01:01:28 - ERROR] mart_ 15952055009 朋友信息采集失败
[2016-01-14 01:01:28 - ERROR] mart_ 15952055009 粉丝信息采集失败
[2016-01-14 01:06:02 - ERROR] coding 朋友信息采集失败
[2016-01-14 01:06:02 - ERROR] coding 粉丝信息采集失败
[2016-01-14 01:08:57 - ERROR] coding 朋友信息采集失败
[2016-01-14 01:08:57 - ERROR] coding 粉丝信息采集失败
[2016-01-14 01:15:04 - ERROR] coding 朋友信息采集失败
[2016-01-14 01:15:04 - ERROR] coding 粉丝信息采集失败
[2016-01-14 01:29:15 - ERROR] coding 朋友信息采集失败
[2016-01-14 01:29:15 - ERROR] coding 朋友信息采集失败
[2016-01-14 01:29:15 - ERROR] coding 粉丝信息采集失败
[2016-01-14 01:29:15 - ERROR] coding 粉丝信息采集失败
[2016-01-14 01:37:22 - ERROR] yvbbrjdr采集失败
[2016-01-14 01:37:22 - ERROR] sunshine08采集失败
[2016-01-14 01:37:22 - ERROR] sunshine08采集失败
[2016-01-14 01:37:22 - ERROR] yvbbrjdr采集失败
[2016-01-14 01:37:22 - ERROR] grace_mac采集失败
[2016-01-14 01:37:22 - ERROR] xiaofeng0采集失败
[2016-01-14 01:38:19 - ERROR] wxsaul采集失败
[2016-01-14 01:38:19 - ERROR] wxsaul采集失败
[2016-01-14 01:38:19 - ERROR] wxsaul采集失败
[2016-01-14 01:38:19 - ERROR] wxsaul采集失败
[2016-01-14 01:47:49 - ERROR] fabbs 朋友信息采集失败
[2016-01-14 01:47:49 - ERROR] razor1895 朋友信息采集失败
[2016-01-14 01:47:49 - ERROR] fabbs 朋友信息采集失败
[2016-01-14 01:47:49 - ERROR] tianyongsheng 朋友信息采集失败
[2016-01-14 01:47:49 - ERROR] wanghuiwzw 朋友信息采集失败
[2016-01-14 01:47:49 - ERROR] kaiyangjia 朋友信息采集失败
[2016-01-14 01:52:03 - ERROR] dxtan采集失败
[2016-01-14 01:56:31 - ERROR] jiangxiao 朋友信息采集失败
[2016-01-14 01:56:31 - ERROR] sshqs 朋友信息采集失败
[2016-01-14 01:56:31 - ERROR] vips 朋友信息采集失败
[2016-01-14 01:56:31 - ERROR] sshqs 朋友信息采集失败
[2016-01-14 01:56:31 - ERROR] dingyan 朋友信息采集失败
[2016-01-14 01:56:31 - ERROR] jiangxiao 朋友信息采集失败
[2016-01-14 02:00:46 - ERROR] momoxiangbei 朋友信息采集失败
[2016-01-14 02:05:00 - ERROR] cisbye 朋友信息采集失败
[2016-01-14 02:05:00 - ERROR] allenwang 朋友信息采集失败
[2016-01-14 02:05:00 - ERROR] allenwang 朋友信息采集失败
[2016-01-14 02:05:00 - ERROR] allenwang 朋友信息采集失败
[2016-01-14 02:05:00 - ERROR] allenwang 朋友信息采集失败
[2016-01-14 02:05:00 - ERROR] cisbye 朋友信息采集失败
[2016-01-14 02:09:14 - ERROR] WWWmmm 朋友信息采集失败
[2016-01-14 02:09:14 - ERROR] WWWmmm 朋友信息采集失败
[2016-01-14 02:09:14 - ERROR] Damon- 朋友信息采集失败
[2016-01-14 02:09:14 - ERROR] Elephant-X 朋友信息采集失败
[2016-01-14 02:09:14 - ERROR] Damon- 朋友信息采集失败
[2016-01-14 02:09:14 - ERROR] Elephant-X 朋友信息采集失败
[2016-01-14 02:13:28 - ERROR] nlove518 粉丝信息采集失败
[2016-01-14 02:17:42 - ERROR] wangbingfu 粉丝信息采集失败
[2016-01-14 02:17:42 - ERROR] sneezry 粉丝信息采集失败
[2016-01-14 02:26:11 - ERROR] yesonchan采集失败
[2016-01-14 02:26:11 - ERROR] AVLTREE采集失败
[2016-01-14 02:26:11 - ERROR] zhangzida采集失败
[2016-01-14 02:26:11 - ERROR] hkwkelvin采集失败
[2016-01-14 02:30:25 - ERROR] wangnn 朋友信息采集失败
[2016-01-14 02:34:39 - ERROR] cnn007 朋友信息采集失败
[2016-01-14 02:34:39 - ERROR] yanxxmh 朋友信息采集失败
[2016-01-14 02:34:39 - ERROR] daichenchen 朋友信息采集失败
[2016-01-14 02:34:39 - ERROR] yanxxmh 朋友信息采集失败
[2016-01-14 02:34:39 - ERROR] yanxxmh 朋友信息采集失败
[2016-01-14 02:34:39 - ERROR] daichenchen 朋友信息采集失败
[2016-01-14 02:38:53 - ERROR] wwwlife采集失败
[2016-01-14 02:43:07 - ERROR] jslhhxx 朋友信息采集失败
[2016-01-14 02:43:07 - ERROR] sunhaijin 朋友信息采集失败
[2016-01-14 02:43:07 - ERROR] sunhaijin 朋友信息采集失败
[2016-01-14 02:43:07 - ERROR] jslhhxx 朋友信息采集失败
[2016-01-14 02:47:22 - ERROR] zou 朋友信息采集失败
[2016-01-14 02:47:22 - ERROR] htom 朋友信息采集失败
[2016-01-14 02:47:39 - ERROR] rockyfoxmail 粉丝信息采集失败
[2016-01-14 02:51:36 - ERROR] lion_style 朋友信息采集失败
[2016-01-14 02:51:36 - ERROR] gkai 朋友信息采集失败
[2016-01-14 02:51:36 - ERROR] lion_style 朋友信息采集失败
[2016-01-14 02:55:50 - ERROR] liuCHEN32 朋友信息采集失败
[2016-01-14 02:55:50 - ERROR] xiaoweizi 朋友信息采集失败
[2016-01-14 02:55:50 - ERROR] king1767 朋友信息采集失败
[2016-01-14 02:55:50 - ERROR] liuCHEN32 朋友信息采集失败
[2016-01-14 02:55:50 - ERROR] xiaoweizi 朋友信息采集失败
[2016-01-14 02:55:50 - ERROR] king1767 朋友信息采集失败
[2016-01-14 03:00:04 - ERROR] chenzhihua 粉丝信息采集失败
[2016-01-14 03:04:18 - ERROR] jessica_lpp采集失败
[2016-01-14 03:04:18 - ERROR] tzliang采集失败
[2016-01-14 03:08:32 - ERROR] flycat9采集失败
[2016-01-14 03:08:32 - ERROR] honeyapp采集失败
[2016-01-14 03:08:32 - ERROR] MornX24采集失败
[2016-01-14 03:08:32 - ERROR] addelete采集失败
[2016-01-14 03:08:32 - ERROR] flycat9采集失败
[2016-01-14 03:08:32 - ERROR] nsthing采集失败
[2016-01-14 03:12:46 - ERROR] whl926 粉丝信息采集失败
[2016-01-14 03:12:46 - ERROR] eland 粉丝信息采集失败
[2016-01-14 03:17:01 - ERROR] spalish采集失败
[2016-01-14 03:17:01 - ERROR] amsc采集失败
[2016-01-14 03:17:01 - ERROR] spalish采集失败
[2016-01-14 03:17:01 - ERROR] amsc采集失败
[2016-01-14 03:17:01 - ERROR] whe采集失败
[2016-01-14 03:17:01 - ERROR] zhencong采集失败
[2016-01-14 03:21:15 - ERROR] paseo采集失败
[2016-01-14 03:25:29 - ERROR] livexiaopo 粉丝信息采集失败
[2016-01-14 03:25:29 - ERROR] livexiaopo 粉丝信息采集失败
[2016-01-14 03:25:29 - ERROR] livexiaopo 粉丝信息采集失败
[2016-01-14 03:25:29 - ERROR] livexiaopo 粉丝信息采集失败
[2016-01-14 03:29:43 - ERROR] leleandy 朋友信息采集失败
[2016-01-14 03:29:43 - ERROR] leleandy 朋友信息采集失败
[2016-01-14 03:29:43 - ERROR] mikeshea 朋友信息采集失败
[2016-01-14 03:29:43 - ERROR] jingj 朋友信息采集失败
[2016-01-14 03:33:57 - ERROR] liuzhimin 粉丝信息采集失败
[2016-01-14 03:33:57 - ERROR] zhouxiuzhen 粉丝信息采集失败
[2016-01-14 03:33:57 - ERROR] liuxiaogang 粉丝信息采集失败
[2016-01-14 03:33:57 - ERROR] gaoxing_quyiyuan 粉丝信息采集失败
[2016-01-14 03:33:57 - ERROR] hermherm 粉丝信息采集失败
[2016-01-14 03:38:12 - ERROR] codebank采集失败
[2016-01-14 03:38:12 - ERROR] codebank采集失败
[2016-01-14 03:38:12 - ERROR] wwek采集失败
[2016-01-14 03:38:12 - ERROR] codebank采集失败
[2016-01-14 03:38:12 - ERROR] codebank采集失败
[2016-01-14 03:42:26 - ERROR] nbsss采集失败
[2016-01-14 03:42:26 - ERROR] nbsss采集失败
[2016-01-14 03:46:40 - ERROR] camilla 朋友信息采集失败
[2016-01-14 03:46:40 - ERROR] alihanniba 朋友信息采集失败
[2016-01-14 03:46:40 - ERROR] nidana 朋友信息采集失败
[2016-01-14 03:46:40 - ERROR] panrj7 朋友信息采集失败
[2016-01-14 03:46:40 - ERROR] seth1 朋友信息采集失败
[2016-01-14 03:46:40 - ERROR] felixxp 朋友信息采集失败
[2016-01-14 03:50:55 - ERROR] Doralhh 朋友信息采集失败
[2016-01-14 03:50:55 - ERROR] bea 朋友信息采集失败
[2016-01-14 03:50:55 - ERROR] lying 朋友信息采集失败
[2016-01-14 03:50:55 - ERROR] hoikin-yiu 朋友信息采集失败
[2016-01-14 03:50:55 - ERROR] yyy128 朋友信息采集失败
[2016-01-14 03:50:55 - ERROR] 317225312 朋友信息采集失败
[2016-01-14 03:55:09 - ERROR] liuwei3 粉丝信息采集失败
[2016-01-14 03:55:09 - ERROR] chenchen88888 粉丝信息采集失败
[2016-01-14 03:55:09 - ERROR] outsha 粉丝信息采集失败
[2016-01-14 03:59:24 - ERROR] emo 粉丝信息采集失败
[2016-01-14 03:59:24 - ERROR] temperature 粉丝信息采集失败
[2016-01-14 03:59:24 - ERROR] the 粉丝信息采集失败
[2016-01-14 03:59:51 - ERROR] mart_ 15952055009采集失败
[2016-01-14 03:59:51 - ERROR] mart_ 15952055009 朋友信息采集失败
[2016-01-14 03:59:51 - ERROR] mart_ 15952055009 粉丝信息采集失败
[2016-01-14 04:03:37 - ERROR] xtwwang 粉丝信息采集失败
[2016-01-14 04:03:37 - ERROR] oneshop 粉丝信息采集失败
[2016-01-14 04:03:37 - ERROR] xtwwang 粉丝信息采集失败
[2016-01-14 04:03:37 - ERROR] oneshop 粉丝信息采集失败
[2016-01-14 04:03:37 - ERROR] vempheng 粉丝信息采集失败
[2016-01-14 04:03:37 - ERROR] vempheng 粉丝信息采集失败
[2016-01-14 04:07:52 - ERROR] jation 粉丝信息采集失败
[2016-01-14 04:07:52 - ERROR] longyao 粉丝信息采集失败
[2016-01-14 04:07:52 - ERROR] longyao 粉丝信息采集失败
[2016-01-14 04:07:52 - ERROR] c0ding 粉丝信息采集失败
[2016-01-14 04:12:06 - ERROR] yuhw 粉丝信息采集失败
[2016-01-14 04:12:06 - ERROR] lihuicode 粉丝信息采集失败
[2016-01-14 04:16:20 - ERROR] bigbang 粉丝信息采集失败
[2016-01-14 04:16:20 - ERROR] zhaizang 粉丝信息采集失败
[2016-01-14 04:16:20 - ERROR] zhaizang 粉丝信息采集失败
[2016-01-14 04:16:20 - ERROR] wxxtd 粉丝信息采集失败
[2016-01-14 04:16:20 - ERROR] zzctobe1 粉丝信息采集失败
[2016-01-14 04:16:20 - ERROR] Maoshuang 粉丝信息采集失败
[2016-01-14 04:20:34 - ERROR] xuanyuanpai 粉丝信息采集失败
[2016-01-14 04:20:34 - ERROR] smilebsp 粉丝信息采集失败
[2016-01-14 04:20:34 - ERROR] smilebsp 粉丝信息采集失败
[2016-01-14 04:20:34 - ERROR] wolf_in_sky 粉丝信息采集失败
[2016-01-14 04:20:34 - ERROR] ys100861 粉丝信息采集失败
[2016-01-14 04:24:48 - ERROR] wi_secret采集失败
[2016-01-14 04:29:02 - ERROR] viptea 粉丝信息采集失败
[2016-01-14 04:29:02 - ERROR] president 粉丝信息采集失败
[2016-01-14 04:29:02 - ERROR] zackwoo 粉丝信息采集失败
[2016-01-14 04:29:02 - ERROR] davis 粉丝信息采集失败
[2016-01-14 04:29:02 - ERROR] tonytong 粉丝信息采集失败
[2016-01-14 04:33:16 - ERROR] spcj 粉丝信息采集失败
[2016-01-14 04:37:31 - ERROR] christli_mooyoo 粉丝信息采集失败
[2016-01-14 04:41:44 - ERROR] jiong02 粉丝信息采集失败
[2016-01-14 04:41:44 - ERROR] lc18820795877 粉丝信息采集失败
[2016-01-14 04:45:58 - ERROR] fatelgg采集失败
[2016-01-14 04:45:58 - ERROR] fatel采集失败
[2016-01-14 04:54:28 - ERROR] 111sunny采集失败
[2016-01-14 04:54:28 - ERROR] tmspnn采集失败
[2016-01-14 04:54:28 - ERROR] johnson1975采集失败
[2016-01-14 04:54:28 - ERROR] lockheed采集失败
[2016-01-14 04:54:28 - ERROR] vc_pill采集失败
[2016-01-14 04:54:28 - ERROR] tmspnn采集失败
[2016-01-14 04:58:42 - ERROR] ninini 粉丝信息采集失败
[2016-01-14 04:58:42 - ERROR] djw 粉丝信息采集失败
[2016-01-14 04:58:46 - ERROR] 欢乐黄豆888采集失败
[2016-01-14 04:58:46 - ERROR] 欢乐黄豆888 朋友信息采集失败
[2016-01-14 04:58:47 - ERROR] 欢乐黄豆888 粉丝信息采集失败
[2016-01-14 05:02:56 - ERROR] hnuip采集失败
[2016-01-14 05:07:10 - ERROR] JoeQian采集失败
[2016-01-14 05:07:10 - ERROR] yemor采集失败
[2016-01-14 05:11:24 - ERROR] trump 朋友信息采集失败
[2016-01-14 05:11:24 - ERROR] trump 朋友信息采集失败
[2016-01-14 05:15:39 - ERROR] letto采集失败
[2016-01-14 05:15:39 - ERROR] hgs采集失败
[2016-01-14 05:15:39 - ERROR] zhaozhengyang采集失败
[2016-01-14 05:15:39 - ERROR] zzyy1234采集失败
[2016-01-14 05:15:39 - ERROR] zhusixiang采集失败
[2016-01-14 05:15:39 - ERROR] Karen采集失败
[2016-01-14 05:19:53 - ERROR] Sodia 朋友信息采集失败
[2016-01-14 05:19:53 - ERROR] dy_good 朋友信息采集失败
[2016-01-14 05:19:53 - ERROR] marvin0118 朋友信息采集失败
[2016-01-14 05:19:53 - ERROR] Sodia 朋友信息采集失败
[2016-01-14 05:19:53 - ERROR] cookov 朋友信息采集失败
[2016-01-14 05:24:07 - ERROR] notwin采集失败
[2016-01-14 05:24:07 - ERROR] notwin 朋友信息采集失败
[2016-01-14 05:24:07 - ERROR] tolerious采集失败
[2016-01-14 05:28:21 - ERROR] magease 朋友信息采集失败
[2016-01-14 05:32:36 - ERROR] jonasy采集失败
[2016-01-14 05:36:49 - ERROR] easongfan采集失败
[2016-01-14 05:36:49 - ERROR] easongfan采集失败
[2016-01-14 05:36:49 - ERROR] easongfan采集失败
[2016-01-14 05:36:49 - ERROR] easongfan采集失败
[2016-01-14 05:41:04 - ERROR] knightingal 朋友信息采集失败
[2016-01-14 05:41:04 - ERROR] american 朋友信息采集失败
[2016-01-14 05:41:04 - ERROR] Athrun-zala 朋友信息采集失败
[2016-01-14 05:41:04 - ERROR] hcjcch 朋友信息采集失败
[2016-01-14 05:45:18 - ERROR] guangu0316 粉丝信息采集失败
[2016-01-14 05:45:18 - ERROR] Wendar 粉丝信息采集失败
[2016-01-14 05:49:32 - ERROR] qqq164164 粉丝信息采集失败
[2016-01-14 05:53:46 - ERROR] chloette 朋友信息采集失败
[2016-01-14 05:53:46 - ERROR] zheng1采集失败
[2016-01-14 05:53:46 - ERROR] xiamei采集失败
[2016-01-14 05:53:46 - ERROR] thinkingsymbol采集失败
[2016-01-14 05:53:46 - ERROR] zuopengl采集失败
[2016-01-14 05:58:01 - ERROR] zztdff 粉丝信息采集失败
[2016-01-14 06:02:15 - ERROR] amiorose采集失败
[2016-01-14 06:02:15 - ERROR] liangfeng采集失败
[2016-01-14 06:02:15 - ERROR] yuxian112采集失败
[2016-01-14 06:06:29 - ERROR] imlazyone 朋友信息采集失败
[2016-01-14 06:06:29 - ERROR] lccf 朋友信息采集失败
[2016-01-14 06:10:43 - ERROR] eternityi 朋友信息采集失败
[2016-01-14 06:14:57 - ERROR] bobcaish 粉丝信息采集失败
[2016-01-14 06:14:57 - ERROR] xidianw3 粉丝信息采集失败
[2016-01-14 06:14:57 - ERROR] openzyk 粉丝信息采集失败
[2016-01-14 06:14:57 - ERROR] lgo 粉丝信息采集失败
[2016-01-14 06:14:57 - ERROR] xianyanlin 粉丝信息采集失败
[2016-01-14 06:19:11 - ERROR] mindzhou采集失败
[2016-01-14 06:19:11 - ERROR] nacc采集失败
[2016-01-14 06:19:11 - ERROR] daiyi采集失败
[2016-01-14 06:19:11 - ERROR] 19891111采集失败
[2016-01-14 06:19:11 - ERROR] chenlly采集失败
[2016-01-14 06:19:11 - ERROR] mindzhou采集失败
[2016-01-14 06:23:26 - ERROR] Wei_min 朋友信息采集失败
[2016-01-14 06:27:40 - ERROR] zhuxy 粉丝信息采集失败
[2016-01-14 06:27:40 - ERROR] oathbone 粉丝信息采集失败
[2016-01-14 06:27:40 - ERROR] bjmin 粉丝信息采集失败
[2016-01-14 06:31:54 - ERROR] sunxu1260 朋友信息采集失败
[2016-01-14 06:31:54 - ERROR] 861016 朋友信息采集失败
[2016-01-14 06:36:08 - ERROR] wjfz采集失败
[2016-01-14 06:36:08 - ERROR] yrh采集失败
[2016-01-14 06:40:22 - ERROR] tomguan 粉丝信息采集失败
[2016-01-14 06:44:36 - ERROR] x1x 粉丝信息采集失败
[2016-01-14 06:48:50 - ERROR] tomzhaowang 粉丝信息采集失败
[2016-01-14 06:48:50 - ERROR] tomzhaowang 粉丝信息采集失败
[2016-01-14 06:48:50 - ERROR] easence 粉丝信息采集失败
[2016-01-14 06:48:50 - ERROR] easence 粉丝信息采集失败
[2016-01-14 06:48:50 - ERROR] chenming 粉丝信息采集失败
[2016-01-14 06:48:50 - ERROR] Eleven_wj 粉丝信息采集失败
[2016-01-14 06:53:05 - ERROR] wimble 粉丝信息采集失败
[2016-01-14 06:53:05 - ERROR] jdps 粉丝信息采集失败
[2016-01-14 06:57:19 - ERROR] yardlan采集失败
[2016-01-14 07:01:34 - ERROR] dzter采集失败
[2016-01-14 07:05:49 - ERROR] envy 粉丝信息采集失败
[2016-01-14 07:05:49 - ERROR] guyan 粉丝信息采集失败
[2016-01-14 07:05:49 - ERROR] envy 粉丝信息采集失败
[2016-01-14 07:10:02 - ERROR] javayou 粉丝信息采集失败
[2016-01-14 07:10:02 - ERROR] k8o71 粉丝信息采集失败
[2016-01-14 07:14:16 - ERROR] fulibin123 粉丝信息采集失败
[2016-01-14 07:14:16 - ERROR] keviiiooo6 粉丝信息采集失败
[2016-01-14 07:14:16 - ERROR] keviiiooo7 粉丝信息采集失败
[2016-01-14 07:14:16 - ERROR] one_stepclozer 粉丝信息采集失败
[2016-01-14 07:18:30 - ERROR] a9306采集失败
[2016-01-14 07:18:30 - ERROR] a7016 粉丝信息采集失败
[2016-01-14 07:18:30 - ERROR] a7320 粉丝信息采集失败
[2016-01-14 07:18:30 - ERROR] a853 粉丝信息采集失败
[2016-01-14 07:18:30 - ERROR] a7630 粉丝信息采集失败
[2016-01-14 07:18:30 - ERROR] a9569 粉丝信息采集失败
[2016-01-14 07:22:45 - ERROR] a10101wei采集失败
[2016-01-14 07:22:45 - ERROR] a1225采集失败
[2016-01-14 07:22:45 - ERROR] a2098采集失败
[2016-01-14 07:22:45 - ERROR] a2958采集失败
[2016-01-14 07:22:45 - ERROR] a3544采集失败
[2016-01-14 07:22:45 - ERROR] a6858采集失败
[2016-01-14 07:31:13 - ERROR] inagnone 朋友信息采集失败
[2016-01-14 07:31:13 - ERROR] inagnone 朋友信息采集失败
[2016-01-14 07:31:13 - ERROR] bloodline_fanfan 朋友信息采集失败
[2016-01-14 07:35:28 - ERROR] kweny采集失败
[2016-01-14 07:35:28 - ERROR] tjx采集失败
[2016-01-14 07:39:41 - ERROR] mh126采集失败
[2016-01-14 07:39:41 - ERROR] coding_sun采集失败
[2016-01-14 07:39:41 - ERROR] Gage采集失败
[2016-01-14 07:43:55 - ERROR] grantsunny采集失败
[2016-01-14 07:43:55 - ERROR] kuan采集失败
[2016-01-14 07:43:55 - ERROR] xjimmy采集失败
[2016-01-14 07:43:55 - ERROR] zhangkaixuan采集失败
[2016-01-14 07:48:09 - ERROR] xiangshuji采集失败
[2016-01-14 07:48:09 - ERROR] kewell采集失败
[2016-01-14 07:48:09 - ERROR] kewell采集失败
[2016-01-14 07:48:09 - ERROR] xiangshuji采集失败
[2016-01-14 07:48:09 - ERROR] wuyuqiang采集失败
[2016-01-14 07:48:09 - ERROR] dxmyd采集失败
[2016-01-14 07:52:23 - ERROR] hexy采集失败
[2016-01-14 07:52:23 - ERROR] lele采集失败
[2016-01-14 07:52:23 - ERROR] powerli采集失败
[2016-01-14 07:52:23 - ERROR] guotie采集失败
[2016-01-14 07:52:23 - ERROR] dtanker采集失败
[2016-01-14 07:56:38 - ERROR] kaohub采集失败
[2016-01-14 07:56:38 - ERROR] guofan采集失败
[2016-01-14 07:56:38 - ERROR] ccs采集失败
[2016-01-14 08:00:52 - ERROR] junlin采集失败
[2016-01-14 08:00:52 - ERROR] iwangbin采集失败
[2016-01-14 08:00:52 - ERROR] eruznhui采集失败
[2016-01-14 08:00:52 - ERROR] vox采集失败
[2016-01-14 08:00:52 - ERROR] eruznhui采集失败
[2016-01-14 08:00:52 - ERROR] weitao采集失败
[2016-01-14 08:05:07 - ERROR] jiangjiankang 粉丝信息采集失败
[2016-01-14 08:09:21 - ERROR] erik 朋友信息采集失败
[2016-01-14 08:09:21 - ERROR] cro 朋友信息采集失败
[2016-01-14 08:09:21 - ERROR] xuexiaogang 朋友信息采集失败
[2016-01-14 08:13:35 - ERROR] NomadZhe采集失败
[2016-01-14 08:13:35 - ERROR] fjx采集失败
[2016-01-14 08:13:35 - ERROR] tidecc采集失败
[2016-01-14 08:13:35 - ERROR] limx采集失败
[2016-01-14 08:13:35 - ERROR] xuxiang6074采集失败
[2016-01-14 08:13:35 - ERROR] superbigfu采集失败
[2016-01-14 08:17:49 - ERROR] zhuhaoyu008采集失败
[2016-01-14 08:22:03 - ERROR] zhangjin150911采集失败
[2016-01-14 08:30:32 - ERROR] zengxianjie采集失败
[2016-01-14 08:34:46 - ERROR] purpen 朋友信息采集失败
[2016-01-14 08:34:46 - ERROR] edsgerlin 朋友信息采集失败
[2016-01-14 08:39:00 - ERROR] esplendor 粉丝信息采集失败
[2016-01-14 08:43:14 - ERROR] hypermind 粉丝信息采集失败
[2016-01-14 08:47:28 - ERROR] zhongqiu001 粉丝信息采集失败
[2016-01-14 08:48:16 - ERROR] xiaodouya采集失败
[2016-01-14 08:51:42 - ERROR] xiaodouya 朋友信息采集失败
[2016-01-14 08:54:25 - ERROR] denghb采集失败
[2016-01-14 08:54:25 - ERROR] denghb 朋友信息采集失败
[2016-01-14 08:54:25 - ERROR] denghb 粉丝信息采集失败
[2016-01-14 08:55:12 - ERROR] Pino采集失败
